<?xml version="1.0" encoding="UTF-8"?>
<!-- Generated by org.testng.reporters.JUnitReportReporter -->
<testsuite skipped="0" hostname="DESKTOP-NGNDCQO" name="tests.Runner" tests="5" failures="0" timestamp="2020-09-03T10:59:38 IST" time="141.848" errors="0">
  <testcase name="homepage" time="21.224" classname="tests.Runner"/>
  <system-out/>
  <testcase name="search" time="19.722" classname="tests.Runner"/>
  <system-out/>
  <testcase name="propertylist" time="55.107" classname="tests.Runner"/>
  <system-out/>
  <testcase name="signin" time="12.322" classname="tests.Runner"/>
  <system-out/>
  <testcase name="report" time="33.473" classname="tests.Runner"/>
  <system-out/>
</testsuite> <!-- tests.Runner -->
