<?xml version="1.0" encoding="UTF-8"?>
<!-- Generated by org.testng.reporters.JUnitReportReporter -->
<testsuite skipped="0" hostname="DESKTOP-NGNDCQO" name="tests.Runner" tests="5" failures="0" timestamp="2020-09-03T10:31:36 IST" time="137.856" errors="0">
  <testcase name="homepage" time="21.777" classname="tests.Runner"/>
  <system-out/>
  <testcase name="search" time="20.380" classname="tests.Runner"/>
  <system-out/>
  <testcase name="propertylist" time="54.430" classname="tests.Runner"/>
  <system-out/>
  <testcase name="signin" time="10.908" classname="tests.Runner"/>
  <system-out/>
  <testcase name="report" time="30.361" classname="tests.Runner"/>
  <system-out/>
</testsuite> <!-- tests.Runner -->
