<?xml version="1.0" encoding="UTF-8"?>
<!-- Generated by org.testng.reporters.JUnitReportReporter -->
<testsuite skipped="0" hostname="DESKTOP-NGNDCQO" name="tests.Runner" tests="5" failures="0" timestamp="2020-09-03T12:30:08 IST" time="139.406" errors="0">
  <testcase name="homepage" time="19.271" classname="tests.Runner"/>
  <system-out/>
  <testcase name="search" time="20.888" classname="tests.Runner"/>
  <system-out>
Bangalore is already selected  </system-out>
  <testcase name="propertylist" time="57.027" classname="tests.Runner"/>
  <system-out/>
  <testcase name="signin" time="10.645" classname="tests.Runner"/>
  <system-out/>
  <testcase name="report" time="31.575" classname="tests.Runner"/>
  <system-out>
Test Passed  </system-out>
</testsuite> <!-- tests.Runner -->
